<?xml version="1.0" encoding="utf-8"?><testsuites name="pytest tests"><testsuite name="pytest" errors="0" failures="0" skipped="0" tests="12" time="2.285" timestamp="2026-02-18T09:40:22.861783+00:00" hostname="agent-env-bb8d217b-5f13-4342-88fe-2a9443055ef4"><testcase classname="backend.tests.test_leave_document_generation.TestLeaveDocumentGeneration" name="test_get_templates_with_source_module_filter" time="0.605" /><testcase classname="backend.tests.test_leave_document_generation.TestLeaveDocumentGeneration" name="test_templates_have_required_fields" time="0.117" /><testcase classname="backend.tests.test_leave_document_generation.TestLeaveDocumentGeneration" name="test_generate_document_success" time="0.308" /><testcase classname="backend.tests.test_leave_document_generation.TestLeaveDocumentGeneration" name="test_generated_document_has_replaced_placeholders" time="0.112" /><testcase classname="backend.tests.test_leave_document_generation.TestLeaveDocumentGeneration" name="test_generated_document_contains_employee_info" time="0.109" /><testcase classname="backend.tests.test_leave_document_generation.TestLeaveDocumentGeneration" name="test_document_saved_with_draft_status" time="0.209" /><testcase classname="backend.tests.test_leave_document_generation.TestLeaveDocumentGeneration" name="test_generate_document_requires_approved_status" time="0.213" /><testcase classname="backend.tests.test_leave_document_generation.TestLeaveDocumentGeneration" name="test_generate_document_nonexistent_leave" time="0.102" /><testcase classname="backend.tests.test_leave_document_generation.TestLeaveDocumentGeneration" name="test_generate_document_nonexistent_template" time="0.109" /><testcase classname="backend.tests.test_leave_document_generation.TestLeaveDocumentGeneration" name="test_generate_document_requires_authentication" time="0.104" /><testcase classname="backend.tests.test_leave_document_generation.TestLeaveDocumentGeneration" name="test_return_date_is_calculated" time="0.134" /><testcase classname="backend.tests.test_leave_document_generation.TestEmployeeAuthorization" name="test_employee_cannot_generate_document" time="0.099" /></testsuite></testsuites>