<?xml version="1.0" encoding="utf-8"?><testsuites name="pytest tests"><testsuite name="pytest" errors="0" failures="1" skipped="0" tests="14" time="7.110" timestamp="2026-02-17T09:00:14.010382+00:00" hostname="agent-env-bb8d217b-5f13-4342-88fe-2a9443055ef4"><testcase classname="tests.test_permissions.TestPermissionsBackend" name="test_01_auth_works" time="0.654" /><testcase classname="tests.test_permissions.TestPermissionsBackend" name="test_02_scan_permissions" time="0.536" /><testcase classname="tests.test_permissions.TestPermissionsBackend" name="test_03_get_permissions_structure" time="0.374" /><testcase classname="tests.test_permissions.TestPermissionsBackend" name="test_04_list_all_roles" time="0.379" /><testcase classname="tests.test_permissions.TestPermissionsBackend" name="test_05_get_super_admin_permissions" time="0.512" /><testcase classname="tests.test_permissions.TestPermissionsBackend" name="test_06_get_admin_permissions" time="0.365" /><testcase classname="tests.test_permissions.TestPermissionsBackend" name="test_07_get_secretary_permissions" time="0.462" /><testcase classname="tests.test_permissions.TestPermissionsBackend" name="test_08_get_employee_permissions" time="0.634" /><testcase classname="tests.test_permissions.TestPermissionsBackend" name="test_09_get_nonexistent_role" time="0.419" /><testcase classname="tests.test_permissions.TestPermissionsBackend" name="test_10_update_role_permissions" time="0.458"><failure message="KeyError: 'permissions'">tests/test_permissions.py:240: in test_10_update_role_permissions
    assert test_permission in updated_data["permissions"], "New permission should be added"
                              ^^^^^^^^^^^^^^^^^^^^^^^^^^^
E   KeyError: 'permissions'</failure></testcase><testcase classname="tests.test_permissions.TestPermissionsBackend" name="test_11_update_nonexistent_role" time="0.423" /><testcase classname="tests.test_permissions.TestPermissionsBackend" name="test_12_list_all_permissions" time="0.451" /><testcase classname="tests.test_permissions.TestPermissionsEdgeCases" name="test_unauthorized_access" time="0.702" /><testcase classname="tests.test_permissions.TestPermissionsEdgeCases" name="test_empty_permissions_update" time="0.649" /></testsuite></testsuites>