<?xml version="1.0" encoding="utf-8"?><testsuites name="pytest tests"><testsuite name="pytest" errors="0" failures="0" skipped="0" tests="14" time="6.539" timestamp="2026-02-17T09:00:44.680753+00:00" hostname="agent-env-bb8d217b-5f13-4342-88fe-2a9443055ef4"><testcase classname="tests.test_permissions.TestPermissionsBackend" name="test_01_auth_works" time="0.514" /><testcase classname="tests.test_permissions.TestPermissionsBackend" name="test_02_scan_permissions" time="0.567" /><testcase classname="tests.test_permissions.TestPermissionsBackend" name="test_03_get_permissions_structure" time="0.384" /><testcase classname="tests.test_permissions.TestPermissionsBackend" name="test_04_list_all_roles" time="0.376" /><testcase classname="tests.test_permissions.TestPermissionsBackend" name="test_05_get_super_admin_permissions" time="0.536" /><testcase classname="tests.test_permissions.TestPermissionsBackend" name="test_06_get_admin_permissions" time="0.375" /><testcase classname="tests.test_permissions.TestPermissionsBackend" name="test_07_get_secretary_permissions" time="0.387" /><testcase classname="tests.test_permissions.TestPermissionsBackend" name="test_08_get_employee_permissions" time="0.432" /><testcase classname="tests.test_permissions.TestPermissionsBackend" name="test_09_get_nonexistent_role" time="0.403" /><testcase classname="tests.test_permissions.TestPermissionsBackend" name="test_10_update_role_permissions" time="0.502" /><testcase classname="tests.test_permissions.TestPermissionsBackend" name="test_11_update_nonexistent_role" time="0.436" /><testcase classname="tests.test_permissions.TestPermissionsBackend" name="test_12_list_all_permissions" time="0.383" /><testcase classname="tests.test_permissions.TestPermissionsEdgeCases" name="test_unauthorized_access" time="0.467" /><testcase classname="tests.test_permissions.TestPermissionsEdgeCases" name="test_empty_permissions_update" time="0.695" /></testsuite></testsuites>